<?xml version="1.0" encoding="UTF-8"?>
<testng-results ignored="0" total="1" passed="1" failed="0" skipped="0">
  <reporter-output>
  </reporter-output>
  <suite started-at="2025-09-21T17:51:15 IST" name="Default suite" finished-at="2025-09-21T17:51:49 IST" duration-ms="33765">
    <groups>
      <group name="cucumber">
        <method signature="AbstractTestNGCucumberTests.runScenario(io.cucumber.testng.PickleWrapper,io.cucumber.testng.FeatureWrapper)[pri:0, instance:com.SparkHub.runner.RunnerTest@7eac9008]" name="runScenario" class="io.cucumber.testng.AbstractTestNGCucumberTests"/>
      </group> <!-- cucumber -->
    </groups>
    <test started-at="2025-09-21T17:51:15 IST" name="Default test" finished-at="2025-09-21T17:51:49 IST" duration-ms="33765">
      <class name="com.SparkHub.runner.RunnerTest">
        <test-method is-config="true" signature="setUpClass(org.testng.ITestContext)[pri:0, instance:com.SparkHub.runner.RunnerTest@7eac9008]" started-at="2025-09-21T17:51:15 IST" name="setUpClass" finished-at="2025-09-21T17:51:16 IST" duration-ms="698" status="PASS">
          <params>
            <param index="0">
              <value>
                <![CDATA[org.testng.TestRunner@3e2822]]>
              </value>
            </param>
          </params>
          <reporter-output>
          </reporter-output>
        </test-method> <!-- setUpClass -->
        <test-method signature="runScenario(io.cucumber.testng.PickleWrapper,io.cucumber.testng.FeatureWrapper)[pri:0, instance:com.SparkHub.runner.RunnerTest@7eac9008]" started-at="2025-09-21T17:51:16 IST" name="runScenario" description="Runs Cucumber Scenarios" data-provider="scenarios" finished-at="2025-09-21T17:51:49 IST" duration-ms="32880" status="PASS">
          <params>
            <param index="0">
              <value>
                <![CDATA["Verify Create opportunity"]]>
              </value>
            </param>
            <param index="1">
              <value>
                <![CDATA["Create Opportunity"]]>
              </value>
            </param>
          </params>
          <reporter-output>
          </reporter-output>
        </test-method> <!-- runScenario -->
        <test-method is-config="true" signature="tearDownClass()[pri:0, instance:com.SparkHub.runner.RunnerTest@7eac9008]" started-at="2025-09-21T17:51:49 IST" name="tearDownClass" finished-at="2025-09-21T17:51:49 IST" duration-ms="103" status="PASS">
          <reporter-output>
          </reporter-output>
        </test-method> <!-- tearDownClass -->
      </class> <!-- com.SparkHub.runner.RunnerTest -->
    </test> <!-- Default test -->
  </suite> <!-- Default suite -->
</testng-results>
